<?xml version="1.0" encoding="UTF-8"?>
<!-- Generated by org.testng.reporters.JUnitXMLReporter -->
<testsuite hostname="K2A4769" ignored="4" name="Surefire test" tests="3" failures="0" timestamp="27 Jan 2020 15:33:44 GMT" time="26.828" errors="0">
  <testcase name="@BeforeMethod setUp" time="0.0" classname="com.report.ExtentReport">
    <failure type="java.lang.NullPointerException">
      <![CDATA[java.lang.NullPointerException
at com.report.ExtentReport.setUp(ExtentReport.java:50)
... Removed 33 stack frames]]>
    </failure>
  </testcase> <!-- @BeforeMethod setUp -->
  <testcase name="@AfterMethod aftermethod" time="0.0" classname="com.report.ExtentReport">
    <skipped/>
  </testcase> <!-- @AfterMethod aftermethod -->
  <testcase name="@BeforeMethod setUp" time="0.0" classname="com.report.ExtentReport">
    <failure type="java.lang.NullPointerException">
      <![CDATA[java.lang.NullPointerException
at com.report.ExtentReport.setUp(ExtentReport.java:50)
... Removed 33 stack frames]]>
    </failure>
  </testcase> <!-- @BeforeMethod setUp -->
  <testcase name="@AfterMethod aftermethod" time="0.0" classname="com.report.ExtentReport">
    <skipped/>
  </testcase> <!-- @AfterMethod aftermethod -->
  <testcase name="password" time="0.365" classname="com.genericode.Forgotpwd"/>
  <testcase name="setup" time="0.0" classname="com.genericode.Key2ActLogin">
    <skipped/>
  </testcase> <!-- setup -->
  <testcase name="updatepasswd" time="0.0" classname="com.genericode.Key2ActUpdatePass">
    <skipped/>
  </testcase> <!-- updatepasswd -->
  <testcase name="@BeforeTest before" time="0.0" classname="com.report.ExtentReport">
    <ignored/>
  </testcase> <!-- @BeforeTest before -->
  <testcase name="@BeforeTest before" time="0.0" classname="com.report.ExtentReport">
    <ignored/>
  </testcase> <!-- @BeforeTest before -->
  <testcase name="@AfterTest sfterSuite" time="0.0" classname="com.report.ExtentReport">
    <ignored/>
  </testcase> <!-- @AfterTest sfterSuite -->
  <testcase name="@AfterTest sfterSuite" time="0.0" classname="com.report.ExtentReport">
    <ignored/>
  </testcase> <!-- @AfterTest sfterSuite -->
</testsuite> <!-- Surefire test -->
