<?xml version="1.0" encoding="UTF-8"?>
<!-- Generated by org.testng.reporters.JUnitXMLReporter -->
<testsuite hostname="K2A4769" ignored="0" name="Test" tests="1" failures="0" timestamp="23 Jan 2020 19:37:30 GMT" time="0.024" errors="0">
  <testcase name="@BeforeTest WebDriverintiazlization" time="0.0" classname="com.key2act.qa.base.Key2ActBase">
    <failure type="org.testng.TestNGException" message="
Unsupported type parameter : interface org.openqa.selenium.WebDriver">
      <![CDATA[org.testng.TestNGException: 
Unsupported type parameter : interface org.openqa.selenium.WebDriver
... Removed 22 stack frames]]>
    </failure>
  </testcase> <!-- @BeforeTest WebDriverintiazlization -->
  <testcase name="WebDriverlogin" time="0.0" classname="com.key2act.qa.base.Key2ActBase">
    <skipped/>
  </testcase> <!-- WebDriverlogin -->
</testsuite> <!-- Test -->
