<?xml version="1.0" encoding="UTF-8"?>
<testng-results skipped="0" failed="0" ignored="0" total="2" passed="2">
  <reporter-output>
  </reporter-output>
  <suite name="Surefire suite" duration-ms="99513" started-at="2019-12-05T15:34:15Z" finished-at="2019-12-05T15:35:54Z">
    <groups>
    </groups>
    <test name="Surefire test" duration-ms="99513" started-at="2019-12-05T15:34:15Z" finished-at="2019-12-05T15:35:54Z">
      <class name="com.genericode.Key2ActLogin">
        <test-method status="PASS" signature="setup()[pri:0, instance:com.genericode.Key2ActLogin@34b7bfc0]" name="setup" duration-ms="14416" started-at="2019-12-05T15:34:29Z" finished-at="2019-12-05T15:34:44Z">
          <reporter-output>
          </reporter-output>
        </test-method> <!-- setup -->
      </class> <!-- com.genericode.Key2ActLogin -->
      <class name="com.genericode.Key2ActUpdatePass">
        <test-method status="PASS" signature="Setup()[pri:0, instance:com.genericode.Key2ActUpdatePass@67b6d4ae]" name="Setup" is-config="true" duration-ms="14586" started-at="2019-12-05T15:34:15Z" finished-at="2019-12-05T15:34:29Z">
          <reporter-output>
          </reporter-output>
        </test-method> <!-- Setup -->
        <test-method status="PASS" signature="updatepasswd()[pri:0, instance:com.genericode.Key2ActUpdatePass@67b6d4ae]" name="updatepasswd" duration-ms="70501" started-at="2019-12-05T15:34:44Z" finished-at="2019-12-05T15:35:54Z">
          <reporter-output>
          </reporter-output>
        </test-method> <!-- updatepasswd -->
      </class> <!-- com.genericode.Key2ActUpdatePass -->
    </test> <!-- Surefire test -->
  </suite> <!-- Surefire suite -->
</testng-results>
